0 info it worked if it ends with ok
1 verbose cli [ '/usr/bin/nodejs', '/usr/bin/npm', 'install', '-g', 'bower' ]
2 info using npm@2.15.9
3 info using node@v4.6.1
4 verbose install initial load of /usr/lib/package.json
5 verbose readDependencies loading dependencies from /usr/lib/package.json
6 silly cache add args [ 'bower', null ]
7 verbose cache add spec bower
8 silly cache add parsed spec Result {
8 silly cache add   raw: 'bower',
8 silly cache add   scope: null,
8 silly cache add   name: 'bower',
8 silly cache add   rawSpec: '',
8 silly cache add   spec: 'latest',
8 silly cache add   type: 'tag' }
9 silly addNamed bower@latest
10 verbose addNamed "latest" is being treated as a dist-tag for bower
11 info addNameTag [ 'bower', 'latest' ]
12 silly mapToRegistry name bower
13 silly mapToRegistry using default registry
14 silly mapToRegistry registry https://registry.npmjs.org/
15 silly mapToRegistry data Result {
15 silly mapToRegistry   raw: 'bower',
15 silly mapToRegistry   scope: null,
15 silly mapToRegistry   name: 'bower',
15 silly mapToRegistry   rawSpec: '',
15 silly mapToRegistry   spec: 'latest',
15 silly mapToRegistry   type: 'tag' }
16 silly mapToRegistry uri https://registry.npmjs.org/bower
17 verbose addNameTag registry:https://registry.npmjs.org/bower not in flight; fetching
18 verbose request uri https://registry.npmjs.org/bower
19 verbose request no auth needed
20 info attempt registry request try #1 at 15:43:44
21 verbose request id b6ec4965ffc20213
22 verbose etag W/"587fedb4-2ad5f"
23 verbose lastModified Wed, 18 Jan 2017 22:35:32 GMT
24 http request GET https://registry.npmjs.org/bower
25 http 304 https://registry.npmjs.org/bower
26 verbose headers { date: 'Fri, 20 Jan 2017 14:43:45 GMT',
26 verbose headers   via: '1.1 varnish',
26 verbose headers   'cache-control': 'max-age=300',
26 verbose headers   etag: 'W/"587fedb4-2ad5f"',
26 verbose headers   age: '198',
26 verbose headers   connection: 'keep-alive',
26 verbose headers   'x-served-by': 'cache-hhn1531-HHN',
26 verbose headers   'x-cache': 'HIT',
26 verbose headers   'x-cache-hits': '1',
26 verbose headers   'x-timer': 'S1484923425.105776,VS0,VE0',
26 verbose headers   vary: 'Accept-Encoding' }
27 silly get cb [ 304,
27 silly get   { date: 'Fri, 20 Jan 2017 14:43:45 GMT',
27 silly get     via: '1.1 varnish',
27 silly get     'cache-control': 'max-age=300',
27 silly get     etag: 'W/"587fedb4-2ad5f"',
27 silly get     age: '198',
27 silly get     connection: 'keep-alive',
27 silly get     'x-served-by': 'cache-hhn1531-HHN',
27 silly get     'x-cache': 'HIT',
27 silly get     'x-cache-hits': '1',
27 silly get     'x-timer': 'S1484923425.105776,VS0,VE0',
27 silly get     vary: 'Accept-Encoding' } ]
28 verbose etag https://registry.npmjs.org/bower from cache
29 verbose get saving bower to /home/simon/.npm/registry.npmjs.org/bower/.cache.json
30 verbose correctMkdir /home/simon/.npm correctMkdir not in flight; initializing
31 silly addNameTag next cb for bower with tag latest
32 silly addNamed bower@1.8.0
33 verbose addNamed "1.8.0" is a plain semver version for bower
34 silly cache afterAdd bower@1.8.0
35 verbose afterAdd /home/simon/.npm/bower/1.8.0/package/package.json not in flight; writing
36 verbose correctMkdir /home/simon/.npm correctMkdir not in flight; initializing
37 verbose afterAdd /home/simon/.npm/bower/1.8.0/package/package.json written
38 silly install resolved [ { name: 'bower',
38 silly install resolved     version: '1.8.0',
38 silly install resolved     description: 'The browser package manager',
38 silly install resolved     author: { name: 'Twitter' },
38 silly install resolved     license: 'MIT',
38 silly install resolved     repository: { type: 'git', url: 'git+https://github.com/bower/bower.git' },
38 silly install resolved     main: 'lib',
38 silly install resolved     bin: { bower: 'bin/bower' },
38 silly install resolved     homepage: 'http://bower.io',
38 silly install resolved     engines: { node: '>=0.10.0' },
38 silly install resolved     keywords: [ 'bower' ],
38 silly install resolved     files: [ 'bin', 'lib' ],
38 silly install resolved     bugs: { url: 'https://github.com/bower/bower/issues' },
38 silly install resolved     _id: 'bower@1.8.0',
38 silly install resolved     scripts: {},
38 silly install resolved     _shasum: '55dbebef0ad9155382d9e9d3e497c1372345b44a',
38 silly install resolved     _from: 'bower@latest',
38 silly install resolved     _npmVersion: '3.10.9',
38 silly install resolved     _nodeVersion: '4.4.6',
38 silly install resolved     _npmUser: { name: 'sheerun', email: 'sheerun@sher.pl' },
38 silly install resolved     dist:
38 silly install resolved      { shasum: '55dbebef0ad9155382d9e9d3e497c1372345b44a',
38 silly install resolved        tarball: 'https://registry.npmjs.org/bower/-/bower-1.8.0.tgz' },
38 silly install resolved     maintainers:
38 silly install resolved      [ [Object],
38 silly install resolved        [Object],
38 silly install resolved        [Object],
38 silly install resolved        [Object],
38 silly install resolved        [Object],
38 silly install resolved        [Object],
38 silly install resolved        [Object] ],
38 silly install resolved     _npmOperationalInternal:
38 silly install resolved      { host: 'packages-18-east.internal.npmjs.com',
38 silly install resolved        tmp: 'tmp/bower-1.8.0.tgz_1478512918020_0.7136248126626015' },
38 silly install resolved     directories: {},
38 silly install resolved     _resolved: 'https://registry.npmjs.org/bower/-/bower-1.8.0.tgz',
38 silly install resolved     readme: 'ERROR: No README data found!' } ]
39 info install bower@1.8.0 into /usr/lib
40 info installOne bower@1.8.0
41 verbose installOne of bower to /usr/lib not in flight; installing
42 verbose correctMkdir /home/simon/.npm/_locks correctMkdir not in flight; initializing
43 verbose lock using /home/simon/.npm/_locks/bower-f46d670cb56ecd4d.lock for /usr/lib/node_modules/bower
44 silly install write writing bower 1.8.0 to /usr/lib/node_modules/bower
45 verbose unbuild lib/node_modules/bower
46 info preuninstall bower@1.8.0
47 info uninstall bower@1.8.0
48 verbose unbuild rmStuff bower@1.8.0 from /usr/lib/node_modules
49 silly gentlyRm /usr/bin/bower is being gently removed
50 silly gentlyRm verifying /usr is an npm working directory
51 silly gentlyRm containing path /usr is under npm's control, in /usr
52 silly gentlyRm deletion target /usr/bin/bower is under /usr
53 verbose gentlyRm vacuuming from /usr/bin/bower up to /usr
54 silly vacuum-fs removing /usr/bin/bower
55 verbose unlock done using /home/simon/.npm/_locks/bower-f46d670cb56ecd4d.lock for /usr/lib/node_modules/bower
56 verbose stack Error: EACCES: permission denied, unlink '/usr/bin/bower'
56 verbose stack     at Error (native)
57 verbose cwd /home/simon/Documents/2A/PFA/PFA/Alema
58 error Linux 3.19.0-28-generic
59 error argv "/usr/bin/nodejs" "/usr/bin/npm" "install" "-g" "bower"
60 error node v4.6.1
61 error npm  v2.15.9
62 error path /usr/bin/bower
63 error code EACCES
64 error errno -13
65 error syscall unlink
66 error Error: EACCES: permission denied, unlink '/usr/bin/bower'
66 error     at Error (native)
66 error  { [Error: EACCES: permission denied, unlink '/usr/bin/bower']
66 error   errno: -13,
66 error   code: 'EACCES',
66 error   syscall: 'unlink',
66 error   path: '/usr/bin/bower' }
67 error Please try running this command again as root/Administrator.
68 verbose exit [ -13, true ]
69 verbose unbuild lib/node_modules/bower
70 info preuninstall bower@1.8.0
71 info uninstall bower@1.8.0
72 verbose unbuild rmStuff bower@1.8.0 from /usr/lib/node_modules
73 silly gentlyRm /usr/bin/bower is being gently removed
74 silly gentlyRm verifying /usr is an npm working directory
75 silly gentlyRm containing path /usr is under npm's control, in /usr
76 silly gentlyRm deletion target /usr/bin/bower is under /usr
77 verbose gentlyRm vacuuming from /usr/bin/bower up to /usr
78 silly vacuum-fs removing /usr/bin/bower
79 error error rolling back Error: EACCES: permission denied, unlink '/usr/bin/bower'
79 error error rolling back     at Error (native)
79 error error rolling back  { [Error: EACCES: permission denied, unlink '/usr/bin/bower']
79 error error rolling back   errno: -13,
79 error error rolling back   code: 'EACCES',
79 error error rolling back   syscall: 'unlink',
79 error error rolling back   path: '/usr/bin/bower' }
